[32m2026-05-21 22:53:43 +0200[0m - dagster - [34mDEBUG[0m - __ASSET_JOB - 9ed15e79-e4d7-4697-a72e-03fe3783486f - 20748 - LOGS_CAPTURED - Started capturing logs in process (pid: 20748).
[32m2026-05-21 22:53:43 +0200[0m - dagster - [34mDEBUG[0m - __ASSET_JOB - 9ed15e79-e4d7-4697-a72e-03fe3783486f - 20748 - new_rawGlobalSupply - STEP_START - Started execution of step "new_rawGlobalSupply".
[32m2026-05-21 22:53:46 +0200[0m - dagster - [34mERROR[0m - [31m__ASSET_JOB - 9ed15e79-e4d7-4697-a72e-03fe3783486f - 20748 - new_rawGlobalSupply - STEP_FAILURE - Execution of step "new_rawGlobalSupply" failed.

dagster._core.errors.DagsterExecutionStepExecutionError: Error occurred while executing op "new_rawGlobalSupply"::

_duckdb.ParserException: Parser Error: syntax error at or near "SELECT"

LINE 3:         SELECT * FROM read_csv_auto('C:\Users\victo\.cache\kagglehub...
                ^

Stack Trace:
  File "C:\Users\victo\Documents\GitHub\GlobalSupply\.venv\Lib\site-packages\dagster\_core\execution\plan\utils.py", line 57, in op_execution_error_boundary
    yield
  File "C:\Users\victo\Documents\GitHub\GlobalSupply\.venv\Lib\site-packages\dagster\_utils\__init__.py", line 394, in iterate_with_context
    next_output = next(iterator)
                  ^^^^^^^^^^^^^^
  File "C:\Users\victo\Documents\GitHub\GlobalSupply\.venv\Lib\site-packages\dagster\_core\execution\plan\compute_generator.py", line 135, in _coerce_op_compute_fn_to_iterator
    result = invoke_compute_fn(
             ^^^^^^^^^^^^^^^^^^
  File "C:\Users\victo\Documents\GitHub\GlobalSupply\.venv\Lib\site-packages\dagster\_core\execution\plan\compute_generator.py", line 115, in invoke_compute_fn
    return fn(context, **args_to_pass) if context_arg_provided else fn(**args_to_pass)
                                                                    ^^^^^^^^^^^^^^^^^^
  File "C:\Users\victo\Documents\GitHub\GlobalSupply\src\my_project\defs\assets\supplies.py", line 127, in new_rawGlobalSupply
    conn.execute(query)
[0m
