[32m2026-05-22 06:28:13 +0200[0m - dagster - [34mDEBUG[0m - supplies_update_job - 95b91107-35db-441e-88a7-51a2828e9bdf - 8340 - LOGS_CAPTURED - Started capturing logs in process (pid: 8340).
[32m2026-05-22 06:28:13 +0200[0m - dagster - [34mDEBUG[0m - supplies_update_job - 95b91107-35db-441e-88a7-51a2828e9bdf - 8340 - add_GlobalSupply_history - STEP_START - Started execution of step "add_GlobalSupply_history".
[32m2026-05-22 06:28:17 +0200[0m - dagster - [34mERROR[0m - [31msupplies_update_job - 95b91107-35db-441e-88a7-51a2828e9bdf - 8340 - add_GlobalSupply_history - STEP_FAILURE - Execution of step "add_GlobalSupply_history" failed.

dagster._core.errors.DagsterExecutionStepExecutionError: Error occurred while executing op "add_GlobalSupply_history"::

_duckdb.BinderException: Binder Error: table supplies_history has 14 columns but 16 values were supplied

Stack Trace:
  File "C:\Users\victo\Documents\GitHub\GlobalSupply\.venv\Lib\site-packages\dagster\_core\execution\plan\utils.py", line 57, in op_execution_error_boundary
    yield
  File "C:\Users\victo\Documents\GitHub\GlobalSupply\.venv\Lib\site-packages\dagster\_utils\__init__.py", line 394, in iterate_with_context
    next_output = next(iterator)
                  ^^^^^^^^^^^^^^
  File "C:\Users\victo\Documents\GitHub\GlobalSupply\.venv\Lib\site-packages\dagster\_core\execution\plan\compute_generator.py", line 135, in _coerce_op_compute_fn_to_iterator
    result = invoke_compute_fn(
             ^^^^^^^^^^^^^^^^^^
  File "C:\Users\victo\Documents\GitHub\GlobalSupply\.venv\Lib\site-packages\dagster\_core\execution\plan\compute_generator.py", line 115, in invoke_compute_fn
    return fn(context, **args_to_pass) if context_arg_provided else fn(**args_to_pass)
           ^^^^^^^^^^^^^^^^^^^^^^^^^^^
  File "C:\Users\victo\Documents\GitHub\GlobalSupply\src\my_project\defs\assets\supplies.py", line 149, in add_GlobalSupply_history
    conn.execute(query_add)
[0m
